[2m12:35:49 AM[22m [31m[1m[vite][22m[39m [31mInternal server error: C:\Users\dinkleburgh\readyroutev2\frontend\src\pages\Board.tsx: Unexpected token, expected "," (1352:6)

[0m [90m 1350 |[31m       [33m<[31m[33m/[31m[33mdiv[31m[33m>[31m
 [90m 1351 |[31m
[31m[1m>[22m[31m[90m 1352 |[31m       {filter [33m===[31m [32m"off"[31m [33m&&[31m [33m![31mfleetMode [33m&&[31m (
 [90m      |[31m       [31m[1m^[22m[31m
 [90m 1353 |[31m         [33m<[31m[33mFleetScheduleCollapsible[31m [33m/[31m[33m>[31m
 [90m 1354 |[31m       )}
 [90m 1355 |[31m       )}[0m[39m
  Plugin: [35mvite:react-babel[39m
  File: [36mC:/Users/dinkleburgh/readyroutev2/frontend/src/pages/Board.tsx[39m:1352:6
[33m  1367|                Route #{offCoverageTruck.truck_number} is off tomorrow
  1368|              </h3>
  1369|              <p className="mb-4 text-sm text-slate-400">
     |                           ^
  1370|                This route is not scheduled for the next load day. Assign the truck or spare
  1371|                that will cover it so the load can proceed. Coverage is required.[39m
      at constructor (C:\Users\dinkleburgh\readyroutev2\frontend\node_modules\@babel\parser\lib\index.js:365:19)
      at TypeScriptParserMixin.raise (C:\Users\dinkleburgh\readyroutev2\frontend\node_modules\@babel\parser\lib\index.js:6616:19)
      at TypeScriptParserMixin.unexpected (C:\Users\dinkleburgh\readyroutev2\frontend\node_modules\@babel\parser\lib\index.js:6636:16)
      at TypeScriptParserMixin.expect (C:\Users\dinkleburgh\readyroutev2\frontend\node_modules\@babel\parser\lib\index.js:6916:12)
      at TypeScriptParserMixin.parseParenAndDistinguishExpression (C:\Users\dinkleburgh\readyroutev2\frontend\node_modules\@babel\parser\lib\index.js:11678:14)
      at TypeScriptParserMixin.parseExprAtom (C:\Users\dinkleburgh\readyroutev2\frontend\node_modules\@babel\parser\lib\index.js:11348:23)
      at TypeScriptParserMixin.parseExprAtom (C:\Users\dinkleburgh\readyroutev2\frontend\node_modules\@babel\parser\lib\index.js:4776:20)
      at TypeScriptParserMixin.parseExprSubscripts (C:\Users\dinkleburgh\readyroutev2\frontend\node_modules\@babel\parser\lib\index.js:11098:23)
      at TypeScriptParserMixin.parseUpdate (C:\Users\dinkleburgh\readyroutev2\frontend\node_modules\@babel\parser\lib\index.js:11083:21)
      at TypeScriptParserMixin.parseMaybeUnary (C:\Users\dinkleburgh\readyroutev2\frontend\node_modules\@babel\parser\lib\index.js:11063:23)
      at TypeScriptParserMixin.parseMaybeUnary (C:\Users\dinkleburgh\readyroutev2\frontend\node_modules\@babel\parser\lib\index.js:9854:18)
      at TypeScriptParserMixin.parseMaybeUnaryOrPrivate (C:\Users\dinkleburgh\readyroutev2\frontend\node_modules\@babel\parser\lib\index.js:10916:61)
      at TypeScriptParserMixin.parseExprOpBaseRightExpr (C:\Users\dinkleburgh\readyroutev2\frontend\node_modules\@babel\parser\lib\index.js:11003:34)
      at TypeScriptParserMixin.parseExprOpRightExpr (C:\Users\dinkleburgh\readyroutev2\frontend\node_modules\@babel\parser\lib\index.js:10998:21)
      at TypeScriptParserMixin.parseExprOp (C:\Users\dinkleburgh\readyroutev2\frontend\node_modules\@babel\parser\lib\index.js:10964:27)
      at TypeScriptParserMixin.parseExprOp (C:\Users\dinkleburgh\readyroutev2\frontend\node_modules\@babel\parser\lib\index.js:9323:18)
      at TypeScriptParserMixin.parseExprOp (C:\Users\dinkleburgh\readyroutev2\frontend\node_modules\@babel\parser\lib\index.js:10970:21)
      at TypeScriptParserMixin.parseExprOp (C:\Users\dinkleburgh\readyroutev2\frontend\node_modules\@babel\parser\lib\index.js:9323:18)
      at TypeScriptParserMixin.parseExprOps (C:\Users\dinkleburgh\readyroutev2\frontend\node_modules\@babel\parser\lib\index.js:10925:17)
      at TypeScriptParserMixin.parseMaybeConditional (C:\Users\dinkleburgh\readyroutev2\frontend\node_modules\@babel\parser\lib\index.js:10898:23)
      at TypeScriptParserMixin.parseMaybeAssign (C:\Users\dinkleburgh\readyroutev2\frontend\node_modules\@babel\parser\lib\index.js:10848:21)
      at TypeScriptParserMixin.parseMaybeAssign (C:\Users\dinkleburgh\readyroutev2\frontend\node_modules\@babel\parser\lib\index.js:9803:20)
      at TypeScriptParserMixin.parseExpressionBase (C:\Users\dinkleburgh\readyroutev2\frontend\node_modules\@babel\parser\lib\index.js:10801:23)
      at C:\Users\dinkleburgh\readyroutev2\frontend\node_modules\@babel\parser\lib\index.js:10797:39
      at TypeScriptParserMixin.allowInAnd (C:\Users\dinkleburgh\readyroutev2\frontend\node_modules\@babel\parser\lib\index.js:12443:12)
      at TypeScriptParserMixin.parseExpression (C:\Users\dinkleburgh\readyroutev2\frontend\node_modules\@babel\parser\lib\index.js:10797:17)
      at TypeScriptParserMixin.jsxParseExpressionContainer (C:\Users\dinkleburgh\readyroutev2\frontend\node_modules\@babel\parser\lib\index.js:4644:31)
      at TypeScriptParserMixin.jsxParseElementAt (C:\Users\dinkleburgh\readyroutev2\frontend\node_modules\@babel\parser\lib\index.js:4723:36)
      at TypeScriptParserMixin.jsxParseElementAt (C:\Users\dinkleburgh\readyroutev2\frontend\node_modules\@babel\parser\lib\index.js:4710:32)
      at TypeScriptParserMixin.jsxParseElement (C:\Users\dinkleburgh\readyroutev2\frontend\node_modules\@babel\parser\lib\index.js:4761:17)
      at TypeScriptParserMixin.parseExprAtom (C:\Users\dinkleburgh\readyroutev2\frontend\node_modules\@babel\parser\lib\index.js:4771:19)
      at TypeScriptParserMixin.parseExprSubscripts (C:\Users\dinkleburgh\readyroutev2\frontend\node_modules\@babel\parser\lib\index.js:11098:23)
      at TypeScriptParserMixin.parseUpdate (C:\Users\dinkleburgh\readyroutev2\frontend\node_modules\@babel\parser\lib\index.js:11083:21)
      at TypeScriptParserMixin.parseMaybeUnary (C:\Users\dinkleburgh\readyroutev2\frontend\node_modules\@babel\parser\lib\index.js:11063:23)
      at TypeScriptParserMixin.parseMaybeUnary (C:\Users\dinkleburgh\readyroutev2\frontend\node_modules\@babel\parser\lib\index.js:9854:18)
      at TypeScriptParserMixin.parseMaybeUnaryOrPrivate (C:\Users\dinkleburgh\readyroutev2\frontend\node_modules\@babel\parser\lib\index.js:10916:61)
      at TypeScriptParserMixin.parseExprOps (C:\Users\dinkleburgh\readyroutev2\frontend\node_modules\@babel\parser\lib\index.js:10921:23)
      at TypeScriptParserMixin.parseMaybeConditional (C:\Users\dinkleburgh\readyroutev2\frontend\node_modules\@babel\parser\lib\index.js:10898:23)
      at TypeScriptParserMixin.parseMaybeAssign (C:\Users\dinkleburgh\readyroutev2\frontend\node_modules\@babel\parser\lib\index.js:10848:21)
      at C:\Users\dinkleburgh\readyroutev2\frontend\node_modules\@babel\parser\lib\index.js:9792:39
      at TypeScriptParserMixin.tryParse (C:\Users\dinkleburgh\readyroutev2\frontend\node_modules\@babel\parser\lib\index.js:6924:20)
      at TypeScriptParserMixin.parseMaybeAssign (C:\Users\dinkleburgh\readyroutev2\frontend\node_modules\@babel\parser\lib\index.js:9792:18)
      at C:\Users\dinkleburgh\readyroutev2\frontend\node_modules\@babel\parser\lib\index.js:10817:39
      at TypeScriptParserMixin.allowInAnd (C:\Users\dinkleburgh\readyroutev2\frontend\node_modules\@babel\parser\lib\index.js:12443:12)
      at TypeScriptParserMixin.parseMaybeAssignAllowIn (C:\Users\dinkleburgh\readyroutev2\frontend\node_modules\@babel\parser\lib\index.js:10817:17)
      at TypeScriptParserMixin.parseMaybeAssignAllowInOrVoidPattern (C:\Users\dinkleburgh\readyroutev2\frontend\node_modules\@babel\parser\lib\index.js:12510:17)
      at TypeScriptParserMixin.parseParenAndDistinguishExpression (C:\Users\dinkleburgh\readyroutev2\frontend\node_modules\@babel\parser\lib\index.js:11692:28)
      at TypeScriptParserMixin.parseExprAtom (C:\Users\dinkleburgh\readyroutev2\frontend\node_modules\@babel\parser\lib\index.js:11348:23)
      at TypeScriptParserMixin.parseExprAtom (C:\Users\dinkleburgh\readyroutev2\frontend\node_modules\@babel\parser\lib\index.js:4776:20)
      at TypeScriptParserMixin.parseExprSubscripts (C:\Users\dinkleburgh\readyroutev2\frontend\node_modules\@babel\parser\lib\index.js:11098:23)
[2m12:35:49 AM[22m [31m[1m[vite][22m[39m [31mInternal server error: C:\Users\dinkleburgh\readyroutev2\frontend\src\pages\Board.tsx: Unexpected token, expected "," (1352:6)

[0m [90m 1350 |[31m       [33m<[31m[33m/[31m[33mdiv[31m[33m>[31m
 [90m 1351 |[31m
[31m[1m>[22m[31m[90m 1352 |[31m       {filter [33m===[31m [32m"off"[31m [33m&&[31m [33m![31mfleetMode [33m&&[31m (
 [90m      |[31m       [31m[1m^[22m[31m
 [90m 1353 |[31m         [33m<[31m[33mFleetScheduleCollapsible[31m [33m/[31m[33m>[31m
 [90m 1354 |[31m       )}
 [90m 1355 |[31m       )}[0m[39m
  Plugin: [35mvite:react-babel[39m
  File: [36mC:/Users/dinkleburgh/readyroutev2/frontend/src/pages/Board.tsx[39m:1352:6
[33m  1367|                Route #{offCoverageTruck.truck_number} is off tomorrow
  1368|              </h3>
  1369|              <p className="mb-4 text-sm text-slate-400">
     |                           ^
  1370|                This route is not scheduled for the next load day. Assign the truck or spare
  1371|                that will cover it so the load can proceed. Coverage is required.[39m
      at constructor (C:\Users\dinkleburgh\readyroutev2\frontend\node_modules\@babel\parser\lib\index.js:365:19)
      at TypeScriptParserMixin.raise (C:\Users\dinkleburgh\readyroutev2\frontend\node_modules\@babel\parser\lib\index.js:6616:19)
      at TypeScriptParserMixin.unexpected (C:\Users\dinkleburgh\readyroutev2\frontend\node_modules\@babel\parser\lib\index.js:6636:16)
      at TypeScriptParserMixin.expect (C:\Users\dinkleburgh\readyroutev2\frontend\node_modules\@babel\parser\lib\index.js:6916:12)
      at TypeScriptParserMixin.parseParenAndDistinguishExpression (C:\Users\dinkleburgh\readyroutev2\frontend\node_modules\@babel\parser\lib\index.js:11678:14)
      at TypeScriptParserMixin.parseExprAtom (C:\Users\dinkleburgh\readyroutev2\frontend\node_modules\@babel\parser\lib\index.js:11348:23)
      at TypeScriptParserMixin.parseExprAtom (C:\Users\dinkleburgh\readyroutev2\frontend\node_modules\@babel\parser\lib\index.js:4776:20)
      at TypeScriptParserMixin.parseExprSubscripts (C:\Users\dinkleburgh\readyroutev2\frontend\node_modules\@babel\parser\lib\index.js:11098:23)
      at TypeScriptParserMixin.parseUpdate (C:\Users\dinkleburgh\readyroutev2\frontend\node_modules\@babel\parser\lib\index.js:11083:21)
      at TypeScriptParserMixin.parseMaybeUnary (C:\Users\dinkleburgh\readyroutev2\frontend\node_modules\@babel\parser\lib\index.js:11063:23)
      at TypeScriptParserMixin.parseMaybeUnary (C:\Users\dinkleburgh\readyroutev2\frontend\node_modules\@babel\parser\lib\index.js:9854:18)
      at TypeScriptParserMixin.parseMaybeUnaryOrPrivate (C:\Users\dinkleburgh\readyroutev2\frontend\node_modules\@babel\parser\lib\index.js:10916:61)
      at TypeScriptParserMixin.parseExprOpBaseRightExpr (C:\Users\dinkleburgh\readyroutev2\frontend\node_modules\@babel\parser\lib\index.js:11003:34)
      at TypeScriptParserMixin.parseExprOpRightExpr (C:\Users\dinkleburgh\readyroutev2\frontend\node_modules\@babel\parser\lib\index.js:10998:21)
      at TypeScriptParserMixin.parseExprOp (C:\Users\dinkleburgh\readyroutev2\frontend\node_modules\@babel\parser\lib\index.js:10964:27)
      at TypeScriptParserMixin.parseExprOp (C:\Users\dinkleburgh\readyroutev2\frontend\node_modules\@babel\parser\lib\index.js:9323:18)
      at TypeScriptParserMixin.parseExprOp (C:\Users\dinkleburgh\readyroutev2\frontend\node_modules\@babel\parser\lib\index.js:10970:21)
      at TypeScriptParserMixin.parseExprOp (C:\Users\dinkleburgh\readyroutev2\frontend\node_modules\@babel\parser\lib\index.js:9323:18)
      at TypeScriptParserMixin.parseExprOps (C:\Users\dinkleburgh\readyroutev2\frontend\node_modules\@babel\parser\lib\index.js:10925:17)
      at TypeScriptParserMixin.parseMaybeConditional (C:\Users\dinkleburgh\readyroutev2\frontend\node_modules\@babel\parser\lib\index.js:10898:23)
      at TypeScriptParserMixin.parseMaybeAssign (C:\Users\dinkleburgh\readyroutev2\frontend\node_modules\@babel\parser\lib\index.js:10848:21)
      at TypeScriptParserMixin.parseMaybeAssign (C:\Users\dinkleburgh\readyroutev2\frontend\node_modules\@babel\parser\lib\index.js:9803:20)
      at TypeScriptParserMixin.parseExpressionBase (C:\Users\dinkleburgh\readyroutev2\frontend\node_modules\@babel\parser\lib\index.js:10801:23)
      at C:\Users\dinkleburgh\readyroutev2\frontend\node_modules\@babel\parser\lib\index.js:10797:39
      at TypeScriptParserMixin.allowInAnd (C:\Users\dinkleburgh\readyroutev2\frontend\node_modules\@babel\parser\lib\index.js:12443:12)
      at TypeScriptParserMixin.parseExpression (C:\Users\dinkleburgh\readyroutev2\frontend\node_modules\@babel\parser\lib\index.js:10797:17)
      at TypeScriptParserMixin.jsxParseExpressionContainer (C:\Users\dinkleburgh\readyroutev2\frontend\node_modules\@babel\parser\lib\index.js:4644:31)
      at TypeScriptParserMixin.jsxParseElementAt (C:\Users\dinkleburgh\readyroutev2\frontend\node_modules\@babel\parser\lib\index.js:4723:36)
      at TypeScriptParserMixin.jsxParseElementAt (C:\Users\dinkleburgh\readyroutev2\frontend\node_modules\@babel\parser\lib\index.js:4710:32)
      at TypeScriptParserMixin.jsxParseElement (C:\Users\dinkleburgh\readyroutev2\frontend\node_modules\@babel\parser\lib\index.js:4761:17)
      at TypeScriptParserMixin.parseExprAtom (C:\Users\dinkleburgh\readyroutev2\frontend\node_modules\@babel\parser\lib\index.js:4771:19)
      at TypeScriptParserMixin.parseExprSubscripts (C:\Users\dinkleburgh\readyroutev2\frontend\node_modules\@babel\parser\lib\index.js:11098:23)
      at TypeScriptParserMixin.parseUpdate (C:\Users\dinkleburgh\readyroutev2\frontend\node_modules\@babel\parser\lib\index.js:11083:21)
      at TypeScriptParserMixin.parseMaybeUnary (C:\Users\dinkleburgh\readyroutev2\frontend\node_modules\@babel\parser\lib\index.js:11063:23)
      at TypeScriptParserMixin.parseMaybeUnary (C:\Users\dinkleburgh\readyroutev2\frontend\node_modules\@babel\parser\lib\index.js:9854:18)
      at TypeScriptParserMixin.parseMaybeUnaryOrPrivate (C:\Users\dinkleburgh\readyroutev2\frontend\node_modules\@babel\parser\lib\index.js:10916:61)
      at TypeScriptParserMixin.parseExprOps (C:\Users\dinkleburgh\readyroutev2\frontend\node_modules\@babel\parser\lib\index.js:10921:23)
      at TypeScriptParserMixin.parseMaybeConditional (C:\Users\dinkleburgh\readyroutev2\frontend\node_modules\@babel\parser\lib\index.js:10898:23)
      at TypeScriptParserMixin.parseMaybeAssign (C:\Users\dinkleburgh\readyroutev2\frontend\node_modules\@babel\parser\lib\index.js:10848:21)
      at C:\Users\dinkleburgh\readyroutev2\frontend\node_modules\@babel\parser\lib\index.js:9792:39
      at TypeScriptParserMixin.tryParse (C:\Users\dinkleburgh\readyroutev2\frontend\node_modules\@babel\parser\lib\index.js:6924:20)
      at TypeScriptParserMixin.parseMaybeAssign (C:\Users\dinkleburgh\readyroutev2\frontend\node_modules\@babel\parser\lib\index.js:9792:18)
      at C:\Users\dinkleburgh\readyroutev2\frontend\node_modules\@babel\parser\lib\index.js:10817:39
      at TypeScriptParserMixin.allowInAnd (C:\Users\dinkleburgh\readyroutev2\frontend\node_modules\@babel\parser\lib\index.js:12443:12)
      at TypeScriptParserMixin.parseMaybeAssignAllowIn (C:\Users\dinkleburgh\readyroutev2\frontend\node_modules\@babel\parser\lib\index.js:10817:17)
      at TypeScriptParserMixin.parseMaybeAssignAllowInOrVoidPattern (C:\Users\dinkleburgh\readyroutev2\frontend\node_modules\@babel\parser\lib\index.js:12510:17)
      at TypeScriptParserMixin.parseParenAndDistinguishExpression (C:\Users\dinkleburgh\readyroutev2\frontend\node_modules\@babel\parser\lib\index.js:11692:28)
      at TypeScriptParserMixin.parseExprAtom (C:\Users\dinkleburgh\readyroutev2\frontend\node_modules\@babel\parser\lib\index.js:11348:23)
      at TypeScriptParserMixin.parseExprAtom (C:\Users\dinkleburgh\readyroutev2\frontend\node_modules\@babel\parser\lib\index.js:4776:20)
      at TypeScriptParserMixin.parseExprSubscripts (C:\Users\dinkleburgh\readyroutev2\frontend\node_modules\@babel\parser\lib\index.js:11098:23)
[2m12:36:50 AM[22m [31m[1m[vite][22m[39m [31mInternal server error: C:\Users\dinkleburgh\readyroutev2\frontend\src\pages\Board.tsx: Unexpected token, expected "," (1352:6)

[0m [90m 1350 |[31m       [33m<[31m[33m/[31m[33mdiv[31m[33m>[31m
 [90m 1351 |[31m
[31m[1m>[22m[31m[90m 1352 |[31m       {filter [33m===[31m [32m"off"[31m [33m&&[31m [33m![31mfleetMode [33m&&[31m (
 [90m      |[31m       [31m[1m^[22m[31m
 [90m 1353 |[31m         [33m<[31m[33mFleetScheduleCollapsible[31m [33m/[31m[33m>[31m
 [90m 1354 |[31m       )}
 [90m 1355 |[31m     )} {[90m/* end filter !== "in_progress" */[31m}[0m[39m
  Plugin: [35mvite:react-babel[39m
  File: [36mC:/Users/dinkleburgh/readyroutev2/frontend/src/pages/Board.tsx[39m:1352:6
[33m  1366|              <h3 className="mb-1 text-base font-semibold">
  1367|                Route #{offCoverageTruck.truck_number} is off tomorrow
  1368|              </h3>
     |          ^
  1369|              <p className="mb-4 text-sm text-slate-400">
  1370|                This route is not scheduled for the next load day. Assign the truck or spare[39m
      at constructor (C:\Users\dinkleburgh\readyroutev2\frontend\node_modules\@babel\parser\lib\index.js:365:19)
      at TypeScriptParserMixin.raise (C:\Users\dinkleburgh\readyroutev2\frontend\node_modules\@babel\parser\lib\index.js:6616:19)
      at TypeScriptParserMixin.unexpected (C:\Users\dinkleburgh\readyroutev2\frontend\node_modules\@babel\parser\lib\index.js:6636:16)
      at TypeScriptParserMixin.expect (C:\Users\dinkleburgh\readyroutev2\frontend\node_modules\@babel\parser\lib\index.js:6916:12)
      at TypeScriptParserMixin.parseParenAndDistinguishExpression (C:\Users\dinkleburgh\readyroutev2\frontend\node_modules\@babel\parser\lib\index.js:11678:14)
      at TypeScriptParserMixin.parseExprAtom (C:\Users\dinkleburgh\readyroutev2\frontend\node_modules\@babel\parser\lib\index.js:11348:23)
      at TypeScriptParserMixin.parseExprAtom (C:\Users\dinkleburgh\readyroutev2\frontend\node_modules\@babel\parser\lib\index.js:4776:20)
      at TypeScriptParserMixin.parseExprSubscripts (C:\Users\dinkleburgh\readyroutev2\frontend\node_modules\@babel\parser\lib\index.js:11098:23)
      at TypeScriptParserMixin.parseUpdate (C:\Users\dinkleburgh\readyroutev2\frontend\node_modules\@babel\parser\lib\index.js:11083:21)
      at TypeScriptParserMixin.parseMaybeUnary (C:\Users\dinkleburgh\readyroutev2\frontend\node_modules\@babel\parser\lib\index.js:11063:23)
      at TypeScriptParserMixin.parseMaybeUnary (C:\Users\dinkleburgh\readyroutev2\frontend\node_modules\@babel\parser\lib\index.js:9854:18)
      at TypeScriptParserMixin.parseMaybeUnaryOrPrivate (C:\Users\dinkleburgh\readyroutev2\frontend\node_modules\@babel\parser\lib\index.js:10916:61)
      at TypeScriptParserMixin.parseExprOpBaseRightExpr (C:\Users\dinkleburgh\readyroutev2\frontend\node_modules\@babel\parser\lib\index.js:11003:34)
      at TypeScriptParserMixin.parseExprOpRightExpr (C:\Users\dinkleburgh\readyroutev2\frontend\node_modules\@babel\parser\lib\index.js:10998:21)
      at TypeScriptParserMixin.parseExprOp (C:\Users\dinkleburgh\readyroutev2\frontend\node_modules\@babel\parser\lib\index.js:10964:27)
      at TypeScriptParserMixin.parseExprOp (C:\Users\dinkleburgh\readyroutev2\frontend\node_modules\@babel\parser\lib\index.js:9323:18)
      at TypeScriptParserMixin.parseExprOp (C:\Users\dinkleburgh\readyroutev2\frontend\node_modules\@babel\parser\lib\index.js:10970:21)
      at TypeScriptParserMixin.parseExprOp (C:\Users\dinkleburgh\readyroutev2\frontend\node_modules\@babel\parser\lib\index.js:9323:18)
      at TypeScriptParserMixin.parseExprOps (C:\Users\dinkleburgh\readyroutev2\frontend\node_modules\@babel\parser\lib\index.js:10925:17)
      at TypeScriptParserMixin.parseMaybeConditional (C:\Users\dinkleburgh\readyroutev2\frontend\node_modules\@babel\parser\lib\index.js:10898:23)
      at TypeScriptParserMixin.parseMaybeAssign (C:\Users\dinkleburgh\readyroutev2\frontend\node_modules\@babel\parser\lib\index.js:10848:21)
      at TypeScriptParserMixin.parseMaybeAssign (C:\Users\dinkleburgh\readyroutev2\frontend\node_modules\@babel\parser\lib\index.js:9803:20)
      at TypeScriptParserMixin.parseExpressionBase (C:\Users\dinkleburgh\readyroutev2\frontend\node_modules\@babel\parser\lib\index.js:10801:23)
      at C:\Users\dinkleburgh\readyroutev2\frontend\node_modules\@babel\parser\lib\index.js:10797:39
      at TypeScriptParserMixin.allowInAnd (C:\Users\dinkleburgh\readyroutev2\frontend\node_modules\@babel\parser\lib\index.js:12443:12)
      at TypeScriptParserMixin.parseExpression (C:\Users\dinkleburgh\readyroutev2\frontend\node_modules\@babel\parser\lib\index.js:10797:17)
      at TypeScriptParserMixin.jsxParseExpressionContainer (C:\Users\dinkleburgh\readyroutev2\frontend\node_modules\@babel\parser\lib\index.js:4644:31)
      at TypeScriptParserMixin.jsxParseElementAt (C:\Users\dinkleburgh\readyroutev2\frontend\node_modules\@babel\parser\lib\index.js:4723:36)
      at TypeScriptParserMixin.jsxParseElementAt (C:\Users\dinkleburgh\readyroutev2\frontend\node_modules\@babel\parser\lib\index.js:4710:32)
      at TypeScriptParserMixin.jsxParseElement (C:\Users\dinkleburgh\readyroutev2\frontend\node_modules\@babel\parser\lib\index.js:4761:17)
      at TypeScriptParserMixin.parseExprAtom (C:\Users\dinkleburgh\readyroutev2\frontend\node_modules\@babel\parser\lib\index.js:4771:19)
      at TypeScriptParserMixin.parseExprSubscripts (C:\Users\dinkleburgh\readyroutev2\frontend\node_modules\@babel\parser\lib\index.js:11098:23)
      at TypeScriptParserMixin.parseUpdate (C:\Users\dinkleburgh\readyroutev2\frontend\node_modules\@babel\parser\lib\index.js:11083:21)
      at TypeScriptParserMixin.parseMaybeUnary (C:\Users\dinkleburgh\readyroutev2\frontend\node_modules\@babel\parser\lib\index.js:11063:23)
      at TypeScriptParserMixin.parseMaybeUnary (C:\Users\dinkleburgh\readyroutev2\frontend\node_modules\@babel\parser\lib\index.js:9854:18)
      at TypeScriptParserMixin.parseMaybeUnaryOrPrivate (C:\Users\dinkleburgh\readyroutev2\frontend\node_modules\@babel\parser\lib\index.js:10916:61)
      at TypeScriptParserMixin.parseExprOps (C:\Users\dinkleburgh\readyroutev2\frontend\node_modules\@babel\parser\lib\index.js:10921:23)
      at TypeScriptParserMixin.parseMaybeConditional (C:\Users\dinkleburgh\readyroutev2\frontend\node_modules\@babel\parser\lib\index.js:10898:23)
      at TypeScriptParserMixin.parseMaybeAssign (C:\Users\dinkleburgh\readyroutev2\frontend\node_modules\@babel\parser\lib\index.js:10848:21)
      at C:\Users\dinkleburgh\readyroutev2\frontend\node_modules\@babel\parser\lib\index.js:9792:39
      at TypeScriptParserMixin.tryParse (C:\Users\dinkleburgh\readyroutev2\frontend\node_modules\@babel\parser\lib\index.js:6924:20)
      at TypeScriptParserMixin.parseMaybeAssign (C:\Users\dinkleburgh\readyroutev2\frontend\node_modules\@babel\parser\lib\index.js:9792:18)
      at C:\Users\dinkleburgh\readyroutev2\frontend\node_modules\@babel\parser\lib\index.js:10817:39
      at TypeScriptParserMixin.allowInAnd (C:\Users\dinkleburgh\readyroutev2\frontend\node_modules\@babel\parser\lib\index.js:12443:12)
      at TypeScriptParserMixin.parseMaybeAssignAllowIn (C:\Users\dinkleburgh\readyroutev2\frontend\node_modules\@babel\parser\lib\index.js:10817:17)
      at TypeScriptParserMixin.parseMaybeAssignAllowInOrVoidPattern (C:\Users\dinkleburgh\readyroutev2\frontend\node_modules\@babel\parser\lib\index.js:12510:17)
      at TypeScriptParserMixin.parseParenAndDistinguishExpression (C:\Users\dinkleburgh\readyroutev2\frontend\node_modules\@babel\parser\lib\index.js:11692:28)
      at TypeScriptParserMixin.parseExprAtom (C:\Users\dinkleburgh\readyroutev2\frontend\node_modules\@babel\parser\lib\index.js:11348:23)
      at TypeScriptParserMixin.parseExprAtom (C:\Users\dinkleburgh\readyroutev2\frontend\node_modules\@babel\parser\lib\index.js:4776:20)
      at TypeScriptParserMixin.parseExprSubscripts (C:\Users\dinkleburgh\readyroutev2\frontend\node_modules\@babel\parser\lib\index.js:11098:23)
[2m12:36:50 AM[22m [31m[1m[vite][22m[39m Pre-transform error: C:\Users\dinkleburgh\readyroutev2\frontend\src\pages\Board.tsx: Unexpected token, expected "," (1352:6)

[0m [90m 1350 |[39m       [33m<[39m[33m/[39m[33mdiv[39m[33m>[39m
 [90m 1351 |[39m
[31m[1m>[22m[39m[90m 1352 |[39m       {filter [33m===[39m [32m"off"[39m [33m&&[39m [33m![39mfleetMode [33m&&[39m (
 [90m      |[39m       [31m[1m^[22m[39m
 [90m 1353 |[39m         [33m<[39m[33mFleetScheduleCollapsible[39m [33m/[39m[33m>[39m
 [90m 1354 |[39m       )}
 [90m 1355 |[39m     )} {[90m/* end filter !== "in_progress" */[39m}[0m
[2m12:36:51 AM[22m [31m[1m[vite][22m[39m [31mInternal server error: C:\Users\dinkleburgh\readyroutev2\frontend\src\pages\Board.tsx: Unexpected token, expected "," (1352:6)

[0m [90m 1350 |[31m       [33m<[31m[33m/[31m[33mdiv[31m[33m>[31m
 [90m 1351 |[31m
[31m[1m>[22m[31m[90m 1352 |[31m       {filter [33m===[31m [32m"off"[31m [33m&&[31m [33m![31mfleetMode [33m&&[31m (
 [90m      |[31m       [31m[1m^[22m[31m
 [90m 1353 |[31m         [33m<[31m[33mFleetScheduleCollapsible[31m [33m/[31m[33m>[31m
 [90m 1354 |[31m       )}
 [90m 1355 |[31m     )} {[90m/* end filter !== "in_progress" */[31m}[0m[39m
  Plugin: [35mvite:react-babel[39m
  File: [36mC:/Users/dinkleburgh/readyroutev2/frontend/src/pages/Board.tsx[39m:1352:6
[33m  1366|              <h3 className="mb-1 text-base font-semibold">
  1367|                Route #{offCoverageTruck.truck_number} is off tomorrow
  1368|              </h3>
     |          ^
  1369|              <p className="mb-4 text-sm text-slate-400">
  1370|                This route is not scheduled for the next load day. Assign the truck or spare[39m
      at constructor (C:\Users\dinkleburgh\readyroutev2\frontend\node_modules\@babel\parser\lib\index.js:365:19)
      at TypeScriptParserMixin.raise (C:\Users\dinkleburgh\readyroutev2\frontend\node_modules\@babel\parser\lib\index.js:6616:19)
      at TypeScriptParserMixin.unexpected (C:\Users\dinkleburgh\readyroutev2\frontend\node_modules\@babel\parser\lib\index.js:6636:16)
      at TypeScriptParserMixin.expect (C:\Users\dinkleburgh\readyroutev2\frontend\node_modules\@babel\parser\lib\index.js:6916:12)
      at TypeScriptParserMixin.parseParenAndDistinguishExpression (C:\Users\dinkleburgh\readyroutev2\frontend\node_modules\@babel\parser\lib\index.js:11678:14)
      at TypeScriptParserMixin.parseExprAtom (C:\Users\dinkleburgh\readyroutev2\frontend\node_modules\@babel\parser\lib\index.js:11348:23)
      at TypeScriptParserMixin.parseExprAtom (C:\Users\dinkleburgh\readyroutev2\frontend\node_modules\@babel\parser\lib\index.js:4776:20)
      at TypeScriptParserMixin.parseExprSubscripts (C:\Users\dinkleburgh\readyroutev2\frontend\node_modules\@babel\parser\lib\index.js:11098:23)
      at TypeScriptParserMixin.parseUpdate (C:\Users\dinkleburgh\readyroutev2\frontend\node_modules\@babel\parser\lib\index.js:11083:21)
      at TypeScriptParserMixin.parseMaybeUnary (C:\Users\dinkleburgh\readyroutev2\frontend\node_modules\@babel\parser\lib\index.js:11063:23)
      at TypeScriptParserMixin.parseMaybeUnary (C:\Users\dinkleburgh\readyroutev2\frontend\node_modules\@babel\parser\lib\index.js:9854:18)
      at TypeScriptParserMixin.parseMaybeUnaryOrPrivate (C:\Users\dinkleburgh\readyroutev2\frontend\node_modules\@babel\parser\lib\index.js:10916:61)
      at TypeScriptParserMixin.parseExprOpBaseRightExpr (C:\Users\dinkleburgh\readyroutev2\frontend\node_modules\@babel\parser\lib\index.js:11003:34)
      at TypeScriptParserMixin.parseExprOpRightExpr (C:\Users\dinkleburgh\readyroutev2\frontend\node_modules\@babel\parser\lib\index.js:10998:21)
      at TypeScriptParserMixin.parseExprOp (C:\Users\dinkleburgh\readyroutev2\frontend\node_modules\@babel\parser\lib\index.js:10964:27)
      at TypeScriptParserMixin.parseExprOp (C:\Users\dinkleburgh\readyroutev2\frontend\node_modules\@babel\parser\lib\index.js:9323:18)
      at TypeScriptParserMixin.parseExprOp (C:\Users\dinkleburgh\readyroutev2\frontend\node_modules\@babel\parser\lib\index.js:10970:21)
      at TypeScriptParserMixin.parseExprOp (C:\Users\dinkleburgh\readyroutev2\frontend\node_modules\@babel\parser\lib\index.js:9323:18)
      at TypeScriptParserMixin.parseExprOps (C:\Users\dinkleburgh\readyroutev2\frontend\node_modules\@babel\parser\lib\index.js:10925:17)
      at TypeScriptParserMixin.parseMaybeConditional (C:\Users\dinkleburgh\readyroutev2\frontend\node_modules\@babel\parser\lib\index.js:10898:23)
      at TypeScriptParserMixin.parseMaybeAssign (C:\Users\dinkleburgh\readyroutev2\frontend\node_modules\@babel\parser\lib\index.js:10848:21)
      at TypeScriptParserMixin.parseMaybeAssign (C:\Users\dinkleburgh\readyroutev2\frontend\node_modules\@babel\parser\lib\index.js:9803:20)
      at TypeScriptParserMixin.parseExpressionBase (C:\Users\dinkleburgh\readyroutev2\frontend\node_modules\@babel\parser\lib\index.js:10801:23)
      at C:\Users\dinkleburgh\readyroutev2\frontend\node_modules\@babel\parser\lib\index.js:10797:39
      at TypeScriptParserMixin.allowInAnd (C:\Users\dinkleburgh\readyroutev2\frontend\node_modules\@babel\parser\lib\index.js:12443:12)
      at TypeScriptParserMixin.parseExpression (C:\Users\dinkleburgh\readyroutev2\frontend\node_modules\@babel\parser\lib\index.js:10797:17)
      at TypeScriptParserMixin.jsxParseExpressionContainer (C:\Users\dinkleburgh\readyroutev2\frontend\node_modules\@babel\parser\lib\index.js:4644:31)
      at TypeScriptParserMixin.jsxParseElementAt (C:\Users\dinkleburgh\readyroutev2\frontend\node_modules\@babel\parser\lib\index.js:4723:36)
      at TypeScriptParserMixin.jsxParseElementAt (C:\Users\dinkleburgh\readyroutev2\frontend\node_modules\@babel\parser\lib\index.js:4710:32)
      at TypeScriptParserMixin.jsxParseElement (C:\Users\dinkleburgh\readyroutev2\frontend\node_modules\@babel\parser\lib\index.js:4761:17)
      at TypeScriptParserMixin.parseExprAtom (C:\Users\dinkleburgh\readyroutev2\frontend\node_modules\@babel\parser\lib\index.js:4771:19)
      at TypeScriptParserMixin.parseExprSubscripts (C:\Users\dinkleburgh\readyroutev2\frontend\node_modules\@babel\parser\lib\index.js:11098:23)
      at TypeScriptParserMixin.parseUpdate (C:\Users\dinkleburgh\readyroutev2\frontend\node_modules\@babel\parser\lib\index.js:11083:21)
      at TypeScriptParserMixin.parseMaybeUnary (C:\Users\dinkleburgh\readyroutev2\frontend\node_modules\@babel\parser\lib\index.js:11063:23)
      at TypeScriptParserMixin.parseMaybeUnary (C:\Users\dinkleburgh\readyroutev2\frontend\node_modules\@babel\parser\lib\index.js:9854:18)
      at TypeScriptParserMixin.parseMaybeUnaryOrPrivate (C:\Users\dinkleburgh\readyroutev2\frontend\node_modules\@babel\parser\lib\index.js:10916:61)
      at TypeScriptParserMixin.parseExprOps (C:\Users\dinkleburgh\readyroutev2\frontend\node_modules\@babel\parser\lib\index.js:10921:23)
      at TypeScriptParserMixin.parseMaybeConditional (C:\Users\dinkleburgh\readyroutev2\frontend\node_modules\@babel\parser\lib\index.js:10898:23)
      at TypeScriptParserMixin.parseMaybeAssign (C:\Users\dinkleburgh\readyroutev2\frontend\node_modules\@babel\parser\lib\index.js:10848:21)
      at C:\Users\dinkleburgh\readyroutev2\frontend\node_modules\@babel\parser\lib\index.js:9792:39
      at TypeScriptParserMixin.tryParse (C:\Users\dinkleburgh\readyroutev2\frontend\node_modules\@babel\parser\lib\index.js:6924:20)
      at TypeScriptParserMixin.parseMaybeAssign (C:\Users\dinkleburgh\readyroutev2\frontend\node_modules\@babel\parser\lib\index.js:9792:18)
      at C:\Users\dinkleburgh\readyroutev2\frontend\node_modules\@babel\parser\lib\index.js:10817:39
      at TypeScriptParserMixin.allowInAnd (C:\Users\dinkleburgh\readyroutev2\frontend\node_modules\@babel\parser\lib\index.js:12443:12)
      at TypeScriptParserMixin.parseMaybeAssignAllowIn (C:\Users\dinkleburgh\readyroutev2\frontend\node_modules\@babel\parser\lib\index.js:10817:17)
      at TypeScriptParserMixin.parseMaybeAssignAllowInOrVoidPattern (C:\Users\dinkleburgh\readyroutev2\frontend\node_modules\@babel\parser\lib\index.js:12510:17)
      at TypeScriptParserMixin.parseParenAndDistinguishExpression (C:\Users\dinkleburgh\readyroutev2\frontend\node_modules\@babel\parser\lib\index.js:11692:28)
      at TypeScriptParserMixin.parseExprAtom (C:\Users\dinkleburgh\readyroutev2\frontend\node_modules\@babel\parser\lib\index.js:11348:23)
      at TypeScriptParserMixin.parseExprAtom (C:\Users\dinkleburgh\readyroutev2\frontend\node_modules\@babel\parser\lib\index.js:4776:20)
      at TypeScriptParserMixin.parseExprSubscripts (C:\Users\dinkleburgh\readyroutev2\frontend\node_modules\@babel\parser\lib\index.js:11098:23)
[2m12:37:00 AM[22m [31m[1m[vite][22m[39m [31mInternal server error: C:\Users\dinkleburgh\readyroutev2\frontend\src\pages\Board.tsx: Expected corresponding JSX closing tag for <>. (1638:6)

[0m [90m 1636 |[31m         [33m<[31m[33m/[31m[33mdiv[31m[33m>[31m
 [90m 1637 |[31m       )}
[31m[1m>[22m[31m[90m 1638 |[31m       [33m<[31m[33m/[31m[33mmotion[31m[33m.[31mdiv[33m>[31m
 [90m      |[31m       [31m[1m^[22m[31m
 [90m 1639 |[31m     [33m<[31m[33m/[31m[33mdiv[31m[33m>[31m
 [90m 1640 |[31m   )[33m;[31m
 [90m 1641 |[31m }[0m[39m
  Plugin: [35mvite:react-babel[39m
  File: [36mC:/Users/dinkleburgh/readyroutev2/frontend/src/pages/Board.tsx[39m:1638:6
      at constructor (C:\Users\dinkleburgh\readyroutev2\frontend\node_modules\@babel\parser\lib\index.js:365:19)
      at TypeScriptParserMixin.raise (C:\Users\dinkleburgh\readyroutev2\frontend\node_modules\@babel\parser\lib\index.js:6616:19)
      at TypeScriptParserMixin.jsxParseElementAt (C:\Users\dinkleburgh\readyroutev2\frontend\node_modules\@babel\parser\lib\index.js:4732:14)
      at TypeScriptParserMixin.jsxParseElement (C:\Users\dinkleburgh\readyroutev2\frontend\node_modules\@babel\parser\lib\index.js:4761:17)
      at TypeScriptParserMixin.parseExprAtom (C:\Users\dinkleburgh\readyroutev2\frontend\node_modules\@babel\parser\lib\index.js:4771:19)
      at TypeScriptParserMixin.parseExprSubscripts (C:\Users\dinkleburgh\readyroutev2\frontend\node_modules\@babel\parser\lib\index.js:11098:23)
      at TypeScriptParserMixin.parseUpdate (C:\Users\dinkleburgh\readyroutev2\frontend\node_modules\@babel\parser\lib\index.js:11083:21)
      at TypeScriptParserMixin.parseMaybeUnary (C:\Users\dinkleburgh\readyroutev2\frontend\node_modules\@babel\parser\lib\index.js:11063:23)
      at TypeScriptParserMixin.parseMaybeUnary (C:\Users\dinkleburgh\readyroutev2\frontend\node_modules\@babel\parser\lib\index.js:9854:18)
      at TypeScriptParserMixin.parseMaybeUnaryOrPrivate (C:\Users\dinkleburgh\readyroutev2\frontend\node_modules\@babel\parser\lib\index.js:10916:61)
      at TypeScriptParserMixin.parseExprOps (C:\Users\dinkleburgh\readyroutev2\frontend\node_modules\@babel\parser\lib\index.js:10921:23)
      at TypeScriptParserMixin.parseMaybeConditional (C:\Users\dinkleburgh\readyroutev2\frontend\node_modules\@babel\parser\lib\index.js:10898:23)
      at TypeScriptParserMixin.parseMaybeAssign (C:\Users\dinkleburgh\readyroutev2\frontend\node_modules\@babel\parser\lib\index.js:10848:21)
      at C:\Users\dinkleburgh\readyroutev2\frontend\node_modules\@babel\parser\lib\index.js:9792:39
      at TypeScriptParserMixin.tryParse (C:\Users\dinkleburgh\readyroutev2\frontend\node_modules\@babel\parser\lib\index.js:6924:20)
      at TypeScriptParserMixin.parseMaybeAssign (C:\Users\dinkleburgh\readyroutev2\frontend\node_modules\@babel\parser\lib\index.js:9792:18)
      at C:\Users\dinkleburgh\readyroutev2\frontend\node_modules\@babel\parser\lib\index.js:10817:39
      at TypeScriptParserMixin.allowInAnd (C:\Users\dinkleburgh\readyroutev2\frontend\node_modules\@babel\parser\lib\index.js:12443:12)
      at TypeScriptParserMixin.parseMaybeAssignAllowIn (C:\Users\dinkleburgh\readyroutev2\frontend\node_modules\@babel\parser\lib\index.js:10817:17)
      at TypeScriptParserMixin.parseMaybeAssignAllowInOrVoidPattern (C:\Users\dinkleburgh\readyroutev2\frontend\node_modules\@babel\parser\lib\index.js:12510:17)
      at TypeScriptParserMixin.parseParenAndDistinguishExpression (C:\Users\dinkleburgh\readyroutev2\frontend\node_modules\@babel\parser\lib\index.js:11692:28)
      at TypeScriptParserMixin.parseExprAtom (C:\Users\dinkleburgh\readyroutev2\frontend\node_modules\@babel\parser\lib\index.js:11348:23)
      at TypeScriptParserMixin.parseExprAtom (C:\Users\dinkleburgh\readyroutev2\frontend\node_modules\@babel\parser\lib\index.js:4776:20)
      at TypeScriptParserMixin.parseExprSubscripts (C:\Users\dinkleburgh\readyroutev2\frontend\node_modules\@babel\parser\lib\index.js:11098:23)
      at TypeScriptParserMixin.parseUpdate (C:\Users\dinkleburgh\readyroutev2\frontend\node_modules\@babel\parser\lib\index.js:11083:21)
      at TypeScriptParserMixin.parseMaybeUnary (C:\Users\dinkleburgh\readyroutev2\frontend\node_modules\@babel\parser\lib\index.js:11063:23)
      at TypeScriptParserMixin.parseMaybeUnary (C:\Users\dinkleburgh\readyroutev2\frontend\node_modules\@babel\parser\lib\index.js:9854:18)
      at TypeScriptParserMixin.parseMaybeUnaryOrPrivate (C:\Users\dinkleburgh\readyroutev2\frontend\node_modules\@babel\parser\lib\index.js:10916:61)
      at TypeScriptParserMixin.parseExprOpBaseRightExpr (C:\Users\dinkleburgh\readyroutev2\frontend\node_modules\@babel\parser\lib\index.js:11003:34)
      at TypeScriptParserMixin.parseExprOpRightExpr (C:\Users\dinkleburgh\readyroutev2\frontend\node_modules\@babel\parser\lib\index.js:10998:21)
      at TypeScriptParserMixin.parseExprOp (C:\Users\dinkleburgh\readyroutev2\frontend\node_modules\@babel\parser\lib\index.js:10964:27)
      at TypeScriptParserMixin.parseExprOp (C:\Users\dinkleburgh\readyroutev2\frontend\node_modules\@babel\parser\lib\index.js:9323:18)
      at TypeScriptParserMixin.parseExprOp (C:\Users\dinkleburgh\readyroutev2\frontend\node_modules\@babel\parser\lib\index.js:10970:21)
      at TypeScriptParserMixin.parseExprOp (C:\Users\dinkleburgh\readyroutev2\frontend\node_modules\@babel\parser\lib\index.js:9323:18)
      at TypeScriptParserMixin.parseExprOps (C:\Users\dinkleburgh\readyroutev2\frontend\node_modules\@babel\parser\lib\index.js:10925:17)
      at TypeScriptParserMixin.parseMaybeConditional (C:\Users\dinkleburgh\readyroutev2\frontend\node_modules\@babel\parser\lib\index.js:10898:23)
      at TypeScriptParserMixin.parseMaybeAssign (C:\Users\dinkleburgh\readyroutev2\frontend\node_modules\@babel\parser\lib\index.js:10848:21)
      at TypeScriptParserMixin.parseMaybeAssign (C:\Users\dinkleburgh\readyroutev2\frontend\node_modules\@babel\parser\lib\index.js:9803:20)
      at TypeScriptParserMixin.parseExpressionBase (C:\Users\dinkleburgh\readyroutev2\frontend\node_modules\@babel\parser\lib\index.js:10801:23)
      at C:\Users\dinkleburgh\readyroutev2\frontend\node_modules\@babel\parser\lib\index.js:10797:39
      at TypeScriptParserMixin.allowInAnd (C:\Users\dinkleburgh\readyroutev2\frontend\node_modules\@babel\parser\lib\index.js:12443:12)
      at TypeScriptParserMixin.parseExpression (C:\Users\dinkleburgh\readyroutev2\frontend\node_modules\@babel\parser\lib\index.js:10797:17)
      at TypeScriptParserMixin.jsxParseExpressionContainer (C:\Users\dinkleburgh\readyroutev2\frontend\node_modules\@babel\parser\lib\index.js:4644:31)
      at TypeScriptParserMixin.jsxParseElementAt (C:\Users\dinkleburgh\readyroutev2\frontend\node_modules\@babel\parser\lib\index.js:4723:36)
      at TypeScriptParserMixin.jsxParseElementAt (C:\Users\dinkleburgh\readyroutev2\frontend\node_modules\@babel\parser\lib\index.js:4710:32)
      at TypeScriptParserMixin.jsxParseElement (C:\Users\dinkleburgh\readyroutev2\frontend\node_modules\@babel\parser\lib\index.js:4761:17)
      at TypeScriptParserMixin.parseExprAtom (C:\Users\dinkleburgh\readyroutev2\frontend\node_modules\@babel\parser\lib\index.js:4771:19)
      at TypeScriptParserMixin.parseExprSubscripts (C:\Users\dinkleburgh\readyroutev2\frontend\node_modules\@babel\parser\lib\index.js:11098:23)
      at TypeScriptParserMixin.parseUpdate (C:\Users\dinkleburgh\readyroutev2\frontend\node_modules\@babel\parser\lib\index.js:11083:21)
      at TypeScriptParserMixin.parseMaybeUnary (C:\Users\dinkleburgh\readyroutev2\frontend\node_modules\@babel\parser\lib\index.js:11063:23)
[2m12:37:00 AM[22m [31m[1m[vite][22m[39m Pre-transform error: C:\Users\dinkleburgh\readyroutev2\frontend\src\pages\Board.tsx: Expected corresponding JSX closing tag for <>. (1638:6)

[0m [90m 1636 |[39m         [33m<[39m[33m/[39m[33mdiv[39m[33m>[39m
 [90m 1637 |[39m       )}
[31m[1m>[22m[39m[90m 1638 |[39m       [33m<[39m[33m/[39m[33mmotion[39m[33m.[39mdiv[33m>[39m
 [90m      |[39m       [31m[1m^[22m[39m
 [90m 1639 |[39m     [33m<[39m[33m/[39m[33mdiv[39m[33m>[39m
 [90m 1640 |[39m   )[33m;[39m
 [90m 1641 |[39m }[0m
[2m12:37:00 AM[22m [31m[1m[vite][22m[39m [31mInternal server error: C:\Users\dinkleburgh\readyroutev2\frontend\src\pages\Board.tsx: Expected corresponding JSX closing tag for <>. (1638:6)

[0m [90m 1636 |[31m         [33m<[31m[33m/[31m[33mdiv[31m[33m>[31m
 [90m 1637 |[31m       )}
[31m[1m>[22m[31m[90m 1638 |[31m       [33m<[31m[33m/[31m[33mmotion[31m[33m.[31mdiv[33m>[31m
 [90m      |[31m       [31m[1m^[22m[31m
 [90m 1639 |[31m     [33m<[31m[33m/[31m[33mdiv[31m[33m>[31m
 [90m 1640 |[31m   )[33m;[31m
 [90m 1641 |[31m }[0m[39m
  Plugin: [35mvite:react-babel[39m
  File: [36mC:/Users/dinkleburgh/readyroutev2/frontend/src/pages/Board.tsx[39m:1638:6
      at constructor (C:\Users\dinkleburgh\readyroutev2\frontend\node_modules\@babel\parser\lib\index.js:365:19)
      at TypeScriptParserMixin.raise (C:\Users\dinkleburgh\readyroutev2\frontend\node_modules\@babel\parser\lib\index.js:6616:19)
      at TypeScriptParserMixin.jsxParseElementAt (C:\Users\dinkleburgh\readyroutev2\frontend\node_modules\@babel\parser\lib\index.js:4732:14)
      at TypeScriptParserMixin.jsxParseElement (C:\Users\dinkleburgh\readyroutev2\frontend\node_modules\@babel\parser\lib\index.js:4761:17)
      at TypeScriptParserMixin.parseExprAtom (C:\Users\dinkleburgh\readyroutev2\frontend\node_modules\@babel\parser\lib\index.js:4771:19)
      at TypeScriptParserMixin.parseExprSubscripts (C:\Users\dinkleburgh\readyroutev2\frontend\node_modules\@babel\parser\lib\index.js:11098:23)
      at TypeScriptParserMixin.parseUpdate (C:\Users\dinkleburgh\readyroutev2\frontend\node_modules\@babel\parser\lib\index.js:11083:21)
      at TypeScriptParserMixin.parseMaybeUnary (C:\Users\dinkleburgh\readyroutev2\frontend\node_modules\@babel\parser\lib\index.js:11063:23)
      at TypeScriptParserMixin.parseMaybeUnary (C:\Users\dinkleburgh\readyroutev2\frontend\node_modules\@babel\parser\lib\index.js:9854:18)
      at TypeScriptParserMixin.parseMaybeUnaryOrPrivate (C:\Users\dinkleburgh\readyroutev2\frontend\node_modules\@babel\parser\lib\index.js:10916:61)
      at TypeScriptParserMixin.parseExprOps (C:\Users\dinkleburgh\readyroutev2\frontend\node_modules\@babel\parser\lib\index.js:10921:23)
      at TypeScriptParserMixin.parseMaybeConditional (C:\Users\dinkleburgh\readyroutev2\frontend\node_modules\@babel\parser\lib\index.js:10898:23)
      at TypeScriptParserMixin.parseMaybeAssign (C:\Users\dinkleburgh\readyroutev2\frontend\node_modules\@babel\parser\lib\index.js:10848:21)
      at C:\Users\dinkleburgh\readyroutev2\frontend\node_modules\@babel\parser\lib\index.js:9792:39
      at TypeScriptParserMixin.tryParse (C:\Users\dinkleburgh\readyroutev2\frontend\node_modules\@babel\parser\lib\index.js:6924:20)
      at TypeScriptParserMixin.parseMaybeAssign (C:\Users\dinkleburgh\readyroutev2\frontend\node_modules\@babel\parser\lib\index.js:9792:18)
      at C:\Users\dinkleburgh\readyroutev2\frontend\node_modules\@babel\parser\lib\index.js:10817:39
      at TypeScriptParserMixin.allowInAnd (C:\Users\dinkleburgh\readyroutev2\frontend\node_modules\@babel\parser\lib\index.js:12443:12)
      at TypeScriptParserMixin.parseMaybeAssignAllowIn (C:\Users\dinkleburgh\readyroutev2\frontend\node_modules\@babel\parser\lib\index.js:10817:17)
      at TypeScriptParserMixin.parseMaybeAssignAllowInOrVoidPattern (C:\Users\dinkleburgh\readyroutev2\frontend\node_modules\@babel\parser\lib\index.js:12510:17)
      at TypeScriptParserMixin.parseParenAndDistinguishExpression (C:\Users\dinkleburgh\readyroutev2\frontend\node_modules\@babel\parser\lib\index.js:11692:28)
      at TypeScriptParserMixin.parseExprAtom (C:\Users\dinkleburgh\readyroutev2\frontend\node_modules\@babel\parser\lib\index.js:11348:23)
      at TypeScriptParserMixin.parseExprAtom (C:\Users\dinkleburgh\readyroutev2\frontend\node_modules\@babel\parser\lib\index.js:4776:20)
      at TypeScriptParserMixin.parseExprSubscripts (C:\Users\dinkleburgh\readyroutev2\frontend\node_modules\@babel\parser\lib\index.js:11098:23)
      at TypeScriptParserMixin.parseUpdate (C:\Users\dinkleburgh\readyroutev2\frontend\node_modules\@babel\parser\lib\index.js:11083:21)
      at TypeScriptParserMixin.parseMaybeUnary (C:\Users\dinkleburgh\readyroutev2\frontend\node_modules\@babel\parser\lib\index.js:11063:23)
      at TypeScriptParserMixin.parseMaybeUnary (C:\Users\dinkleburgh\readyroutev2\frontend\node_modules\@babel\parser\lib\index.js:9854:18)
      at TypeScriptParserMixin.parseMaybeUnaryOrPrivate (C:\Users\dinkleburgh\readyroutev2\frontend\node_modules\@babel\parser\lib\index.js:10916:61)
      at TypeScriptParserMixin.parseExprOpBaseRightExpr (C:\Users\dinkleburgh\readyroutev2\frontend\node_modules\@babel\parser\lib\index.js:11003:34)
      at TypeScriptParserMixin.parseExprOpRightExpr (C:\Users\dinkleburgh\readyroutev2\frontend\node_modules\@babel\parser\lib\index.js:10998:21)
      at TypeScriptParserMixin.parseExprOp (C:\Users\dinkleburgh\readyroutev2\frontend\node_modules\@babel\parser\lib\index.js:10964:27)
      at TypeScriptParserMixin.parseExprOp (C:\Users\dinkleburgh\readyroutev2\frontend\node_modules\@babel\parser\lib\index.js:9323:18)
      at TypeScriptParserMixin.parseExprOp (C:\Users\dinkleburgh\readyroutev2\frontend\node_modules\@babel\parser\lib\index.js:10970:21)
      at TypeScriptParserMixin.parseExprOp (C:\Users\dinkleburgh\readyroutev2\frontend\node_modules\@babel\parser\lib\index.js:9323:18)
      at TypeScriptParserMixin.parseExprOps (C:\Users\dinkleburgh\readyroutev2\frontend\node_modules\@babel\parser\lib\index.js:10925:17)
      at TypeScriptParserMixin.parseMaybeConditional (C:\Users\dinkleburgh\readyroutev2\frontend\node_modules\@babel\parser\lib\index.js:10898:23)
      at TypeScriptParserMixin.parseMaybeAssign (C:\Users\dinkleburgh\readyroutev2\frontend\node_modules\@babel\parser\lib\index.js:10848:21)
      at TypeScriptParserMixin.parseMaybeAssign (C:\Users\dinkleburgh\readyroutev2\frontend\node_modules\@babel\parser\lib\index.js:9803:20)
      at TypeScriptParserMixin.parseExpressionBase (C:\Users\dinkleburgh\readyroutev2\frontend\node_modules\@babel\parser\lib\index.js:10801:23)
      at C:\Users\dinkleburgh\readyroutev2\frontend\node_modules\@babel\parser\lib\index.js:10797:39
      at TypeScriptParserMixin.allowInAnd (C:\Users\dinkleburgh\readyroutev2\frontend\node_modules\@babel\parser\lib\index.js:12443:12)
      at TypeScriptParserMixin.parseExpression (C:\Users\dinkleburgh\readyroutev2\frontend\node_modules\@babel\parser\lib\index.js:10797:17)
      at TypeScriptParserMixin.jsxParseExpressionContainer (C:\Users\dinkleburgh\readyroutev2\frontend\node_modules\@babel\parser\lib\index.js:4644:31)
      at TypeScriptParserMixin.jsxParseElementAt (C:\Users\dinkleburgh\readyroutev2\frontend\node_modules\@babel\parser\lib\index.js:4723:36)
      at TypeScriptParserMixin.jsxParseElementAt (C:\Users\dinkleburgh\readyroutev2\frontend\node_modules\@babel\parser\lib\index.js:4710:32)
      at TypeScriptParserMixin.jsxParseElement (C:\Users\dinkleburgh\readyroutev2\frontend\node_modules\@babel\parser\lib\index.js:4761:17)
      at TypeScriptParserMixin.parseExprAtom (C:\Users\dinkleburgh\readyroutev2\frontend\node_modules\@babel\parser\lib\index.js:4771:19)
      at TypeScriptParserMixin.parseExprSubscripts (C:\Users\dinkleburgh\readyroutev2\frontend\node_modules\@babel\parser\lib\index.js:11098:23)
      at TypeScriptParserMixin.parseUpdate (C:\Users\dinkleburgh\readyroutev2\frontend\node_modules\@babel\parser\lib\index.js:11083:21)
      at TypeScriptParserMixin.parseMaybeUnary (C:\Users\dinkleburgh\readyroutev2\frontend\node_modules\@babel\parser\lib\index.js:11063:23)
[2m12:39:12 AM[22m [31m[1m[vite][22m[39m [31mws proxy socket error:[39m
Error: read ECONNRESET
    at TCP.onStreamRead (node:internal/stream_base_commons:216:20)
[2m1:03:02 AM[22m [31m[1m[vite][22m[39m [31mws proxy socket error:[39m
Error: read ECONNRESET
    at TCP.onStreamRead (node:internal/stream_base_commons:216:20)
[2m1:11:22 AM[22m [31m[1m[vite][22m[39m [31mws proxy socket error:[39m
Error: read ECONNRESET
    at TCP.onStreamRead (node:internal/stream_base_commons:216:20)
